#! /usr/bin/vvp
:ivl_version "11.0 (stable)";
:ivl_delay_selection "TYPICAL";
:vpi_time_precision - 12;
:vpi_module "/usr/lib/x86_64-linux-gnu/ivl/system.vpi";
:vpi_module "/usr/lib/x86_64-linux-gnu/ivl/vhdl_sys.vpi";
:vpi_module "/usr/lib/x86_64-linux-gnu/ivl/vhdl_textio.vpi";
:vpi_module "/usr/lib/x86_64-linux-gnu/ivl/v2005_math.vpi";
:vpi_module "/usr/lib/x86_64-linux-gnu/ivl/va_math.vpi";
S_0x55e0a9e08f30 .scope module, "tb_nand_3" "tb_nand_3" 2 4;
 .timescale -9 -12;
v0x55e0a9e1d750_0 .var "a", 0 0;
v0x55e0a9e1d810_0 .var "b", 0 0;
v0x55e0a9e1d8e0_0 .var "c", 0 0;
v0x55e0a9e1d9e0_0 .net "d", 0 0, L_0x55e0a9e1dd00;  1 drivers
S_0x55e0a9e090c0 .scope module, "dut" "nand_3" 2 10, 3 3 0, S_0x55e0a9e08f30;
 .timescale 0 0;
    .port_info 0 /INPUT 1 "a";
    .port_info 1 /INPUT 1 "b";
    .port_info 2 /INPUT 1 "c";
    .port_info 3 /OUTPUT 1 "d";
L_0x55e0a9e1dab0 .functor AND 1, v0x55e0a9e1d750_0, v0x55e0a9e1d810_0, C4<1>, C4<1>;
L_0x55e0a9e1dbf0 .functor AND 1, L_0x55e0a9e1dab0, v0x55e0a9e1d8e0_0, C4<1>, C4<1>;
v0x55e0a9df8570_0 .net *"_ivl_0", 0 0, L_0x55e0a9e1dab0;  1 drivers
v0x55e0a9e1d290_0 .net *"_ivl_2", 0 0, L_0x55e0a9e1dbf0;  1 drivers
v0x55e0a9e1d370_0 .net "a", 0 0, v0x55e0a9e1d750_0;  1 drivers
v0x55e0a9e1d440_0 .net "b", 0 0, v0x55e0a9e1d810_0;  1 drivers
v0x55e0a9e1d500_0 .net "c", 0 0, v0x55e0a9e1d8e0_0;  1 drivers
v0x55e0a9e1d610_0 .net "d", 0 0, L_0x55e0a9e1dd00;  alias, 1 drivers
L_0x55e0a9e1dd00 .reduce/nor L_0x55e0a9e1dbf0;
    .scope S_0x55e0a9e08f30;
T_0 ;
    %vpi_call 2 13 "$monitor", "time = %d ,a = %b, b = %b, c = %b, d = %b", $time, v0x55e0a9e1d750_0, v0x55e0a9e1d810_0, v0x55e0a9e1d8e0_0, v0x55e0a9e1d9e0_0 {0 0 0};
    %end;
    .thread T_0;
    .scope S_0x55e0a9e08f30;
T_1 ;
    %pushi/vec4 0, 0, 1;
    %store/vec4 v0x55e0a9e1d750_0, 0, 1;
    %pushi/vec4 0, 0, 1;
    %store/vec4 v0x55e0a9e1d810_0, 0, 1;
    %pushi/vec4 0, 0, 1;
    %store/vec4 v0x55e0a9e1d8e0_0, 0, 1;
    %delay 10000, 0;
    %pushi/vec4 0, 0, 1;
    %store/vec4 v0x55e0a9e1d750_0, 0, 1;
    %pushi/vec4 1, 0, 1;
    %store/vec4 v0x55e0a9e1d810_0, 0, 1;
    %pushi/vec4 1, 0, 1;
    %store/vec4 v0x55e0a9e1d8e0_0, 0, 1;
    %delay 10000, 0;
    %pushi/vec4 1, 0, 1;
    %store/vec4 v0x55e0a9e1d750_0, 0, 1;
    %pushi/vec4 0, 0, 1;
    %store/vec4 v0x55e0a9e1d810_0, 0, 1;
    %pushi/vec4 0, 0, 1;
    %store/vec4 v0x55e0a9e1d8e0_0, 0, 1;
    %delay 10000, 0;
    %pushi/vec4 1, 0, 1;
    %store/vec4 v0x55e0a9e1d750_0, 0, 1;
    %pushi/vec4 1, 0, 1;
    %store/vec4 v0x55e0a9e1d810_0, 0, 1;
    %pushi/vec4 1, 0, 1;
    %store/vec4 v0x55e0a9e1d8e0_0, 0, 1;
    %delay 10000, 0;
    %vpi_call 2 26 "$finish" {0 0 0};
    %end;
    .thread T_1;
    .scope S_0x55e0a9e08f30;
T_2 ;
    %vpi_call 2 31 "$dumpfile", "nand_3.vcd" {0 0 0};
    %vpi_call 2 32 "$dumpvars" {0 0 0};
    %end;
    .thread T_2;
# The file index is used to find the file name in the following table.
:file_names 4;
    "N/A";
    "<interactive>";
    "tb_nand_3.v";
    "nand_3.v";
