#! /usr/bin/vvp
:ivl_version "11.0 (stable)";
:ivl_delay_selection "TYPICAL";
:vpi_time_precision - 12;
:vpi_module "/usr/lib/x86_64-linux-gnu/ivl/system.vpi";
:vpi_module "/usr/lib/x86_64-linux-gnu/ivl/vhdl_sys.vpi";
:vpi_module "/usr/lib/x86_64-linux-gnu/ivl/vhdl_textio.vpi";
:vpi_module "/usr/lib/x86_64-linux-gnu/ivl/v2005_math.vpi";
:vpi_module "/usr/lib/x86_64-linux-gnu/ivl/va_math.vpi";
S_0x555e26227bc0 .scope module, "tb_and_2" "tb_and_2" 2 4;
 .timescale -9 -12;
v0x555e2623a730_0 .var "a", 0 0;
v0x555e2623a800_0 .var "b", 0 0;
v0x555e2623a8d0_0 .net "c", 0 0, L_0x555e2623a9d0;  1 drivers
S_0x555e26227d50 .scope module, "dut" "xor_2" 2 10, 3 3 0, S_0x555e26227bc0;
 .timescale 0 0;
    .port_info 0 /INPUT 1 "a";
    .port_info 1 /INPUT 1 "b";
    .port_info 2 /OUTPUT 1 "c";
L_0x555e2623a9d0 .functor XOR 1, v0x555e2623a730_0, v0x555e2623a800_0, C4<0>, C4<0>;
v0x555e261f0ba0_0 .net "a", 0 0, v0x555e2623a730_0;  1 drivers
v0x555e2623a550_0 .net "b", 0 0, v0x555e2623a800_0;  1 drivers
v0x555e2623a610_0 .net "c", 0 0, L_0x555e2623a9d0;  alias, 1 drivers
    .scope S_0x555e26227bc0;
T_0 ;
    %vpi_call 2 13 "$monitor", "time = %d ,a = %b, b = %b, c = %b ", $time, v0x555e2623a730_0, v0x555e2623a800_0, v0x555e2623a8d0_0 {0 0 0};
    %end;
    .thread T_0;
    .scope S_0x555e26227bc0;
T_1 ;
    %pushi/vec4 0, 0, 1;
    %store/vec4 v0x555e2623a730_0, 0, 1;
    %pushi/vec4 0, 0, 1;
    %store/vec4 v0x555e2623a800_0, 0, 1;
    %delay 10000, 0;
    %pushi/vec4 0, 0, 1;
    %store/vec4 v0x555e2623a730_0, 0, 1;
    %pushi/vec4 1, 0, 1;
    %store/vec4 v0x555e2623a800_0, 0, 1;
    %delay 10000, 0;
    %pushi/vec4 1, 0, 1;
    %store/vec4 v0x555e2623a730_0, 0, 1;
    %pushi/vec4 0, 0, 1;
    %store/vec4 v0x555e2623a800_0, 0, 1;
    %delay 10000, 0;
    %pushi/vec4 1, 0, 1;
    %store/vec4 v0x555e2623a730_0, 0, 1;
    %pushi/vec4 1, 0, 1;
    %store/vec4 v0x555e2623a800_0, 0, 1;
    %delay 10000, 0;
    %vpi_call 2 26 "$finish" {0 0 0};
    %end;
    .thread T_1;
    .scope S_0x555e26227bc0;
T_2 ;
    %vpi_call 2 31 "$dumpfile", "xor_2.vcd" {0 0 0};
    %vpi_call 2 32 "$dumpvars" {0 0 0};
    %end;
    .thread T_2;
# The file index is used to find the file name in the following table.
:file_names 4;
    "N/A";
    "<interactive>";
    "tb_xor_2.v";
    "xor_2.v";
