#! /usr/bin/vvp
:ivl_version "11.0 (stable)";
:ivl_delay_selection "TYPICAL";
:vpi_time_precision - 12;
:vpi_module "/usr/lib/x86_64-linux-gnu/ivl/system.vpi";
:vpi_module "/usr/lib/x86_64-linux-gnu/ivl/vhdl_sys.vpi";
:vpi_module "/usr/lib/x86_64-linux-gnu/ivl/vhdl_textio.vpi";
:vpi_module "/usr/lib/x86_64-linux-gnu/ivl/v2005_math.vpi";
:vpi_module "/usr/lib/x86_64-linux-gnu/ivl/va_math.vpi";
S_0x5654d7aa6530 .scope module, "tb_fa" "tb_fa" 2 3;
 .timescale -9 -12;
v0x5654d7abcc40_0 .var "a", 0 0;
v0x5654d7abcd50_0 .var "b", 0 0;
v0x5654d7abce60_0 .var "cin", 0 0;
v0x5654d7abcf00_0 .net "cout", 0 0, L_0x5654d7abd3a0;  1 drivers
v0x5654d7abcfa0_0 .net "sum", 0 0, L_0x5654d7abd210;  1 drivers
S_0x5654d7aa66c0 .scope module, "dut" "fa" 2 8, 3 1 0, S_0x5654d7aa6530;
 .timescale 0 0;
    .port_info 0 /INPUT 1 "a";
    .port_info 1 /INPUT 1 "b";
    .port_info 2 /INPUT 1 "cin";
    .port_info 3 /OUTPUT 1 "sum";
    .port_info 4 /OUTPUT 1 "cout";
L_0x5654d7abd210 .functor XOR 1, L_0x5654d7abd090, v0x5654d7abce60_0, C4<0>, C4<0>;
L_0x5654d7abd280 .functor AND 1, L_0x5654d7abd090, v0x5654d7abce60_0, C4<1>, C4<1>;
L_0x5654d7abd3a0 .functor OR 1, L_0x5654d7abd280, L_0x5654d7abd150, C4<0>, C4<0>;
v0x5654d7abc5c0_0 .net "a", 0 0, v0x5654d7abcc40_0;  1 drivers
v0x5654d7abc680_0 .net "b", 0 0, v0x5654d7abcd50_0;  1 drivers
v0x5654d7abc720_0 .net "cin", 0 0, v0x5654d7abce60_0;  1 drivers
v0x5654d7abc7f0_0 .net "cout", 0 0, L_0x5654d7abd3a0;  alias, 1 drivers
v0x5654d7abc890_0 .net "ha_carry", 0 0, L_0x5654d7abd150;  1 drivers
v0x5654d7abc980_0 .net "ha_sum", 0 0, L_0x5654d7abd090;  1 drivers
v0x5654d7abca50_0 .net "sum", 0 0, L_0x5654d7abd210;  alias, 1 drivers
v0x5654d7abcaf0_0 .net "temp", 0 0, L_0x5654d7abd280;  1 drivers
S_0x5654d7aa4f30 .scope module, "i1" "ha" 3 13, 4 1 0, S_0x5654d7aa66c0;
 .timescale 0 0;
    .port_info 0 /INPUT 1 "a";
    .port_info 1 /INPUT 1 "b";
    .port_info 2 /OUTPUT 1 "sum";
    .port_info 3 /OUTPUT 1 "carry";
L_0x5654d7abd090 .functor XOR 1, v0x5654d7abcc40_0, v0x5654d7abcd50_0, C4<0>, C4<0>;
L_0x5654d7abd150 .functor AND 1, v0x5654d7abcc40_0, v0x5654d7abcd50_0, C4<1>, C4<1>;
v0x5654d7aa5110_0 .net "a", 0 0, v0x5654d7abcc40_0;  alias, 1 drivers
v0x5654d7abc320_0 .net "b", 0 0, v0x5654d7abcd50_0;  alias, 1 drivers
v0x5654d7abc3e0_0 .net "carry", 0 0, L_0x5654d7abd150;  alias, 1 drivers
v0x5654d7abc480_0 .net "sum", 0 0, L_0x5654d7abd090;  alias, 1 drivers
    .scope S_0x5654d7aa6530;
T_0 ;
    %vpi_call 2 11 "$monitor", "time = %d, a = %b, b = %b, cin = %b, sum = %b, cout = %b ", $time, v0x5654d7abcc40_0, v0x5654d7abcd50_0, v0x5654d7abce60_0, v0x5654d7abcfa0_0, v0x5654d7abcf00_0 {0 0 0};
    %end;
    .thread T_0;
    .scope S_0x5654d7aa6530;
T_1 ;
    %pushi/vec4 0, 0, 1;
    %store/vec4 v0x5654d7abcc40_0, 0, 1;
    %pushi/vec4 0, 0, 1;
    %store/vec4 v0x5654d7abcd50_0, 0, 1;
    %pushi/vec4 0, 0, 1;
    %store/vec4 v0x5654d7abce60_0, 0, 1;
    %delay 10000, 0;
    %pushi/vec4 0, 0, 1;
    %store/vec4 v0x5654d7abcc40_0, 0, 1;
    %pushi/vec4 1, 0, 1;
    %store/vec4 v0x5654d7abcd50_0, 0, 1;
    %pushi/vec4 1, 0, 1;
    %store/vec4 v0x5654d7abce60_0, 0, 1;
    %delay 10000, 0;
    %pushi/vec4 1, 0, 1;
    %store/vec4 v0x5654d7abcc40_0, 0, 1;
    %pushi/vec4 0, 0, 1;
    %store/vec4 v0x5654d7abcd50_0, 0, 1;
    %pushi/vec4 0, 0, 1;
    %store/vec4 v0x5654d7abce60_0, 0, 1;
    %delay 10000, 0;
    %pushi/vec4 1, 0, 1;
    %store/vec4 v0x5654d7abcc40_0, 0, 1;
    %pushi/vec4 1, 0, 1;
    %store/vec4 v0x5654d7abcd50_0, 0, 1;
    %pushi/vec4 1, 0, 1;
    %store/vec4 v0x5654d7abce60_0, 0, 1;
    %delay 10000, 0;
    %vpi_call 2 24 "$finish" {0 0 0};
    %end;
    .thread T_1;
    .scope S_0x5654d7aa6530;
T_2 ;
    %vpi_call 2 29 "$dumpfile", "fa.vcd" {0 0 0};
    %vpi_call 2 30 "$dumpvars" {0 0 0};
    %end;
    .thread T_2;
# The file index is used to find the file name in the following table.
:file_names 5;
    "N/A";
    "<interactive>";
    "tb_fa.v";
    "fa.v";
    "../HA/ha.v";
